# JRE version: OpenJDK Runtime Environment Temurin-19.0.2+7 (19.0.2+7) (build 19.0.2+7)
# Java VM: OpenJDK 64-Bit Server VM Temurin-19.0.2+7 (19.0.2+7, mixed mode, tiered, compressed oops, compressed class ptrs, g1 gc, windows-amd64)
GC Precious Log:
 CardTable entry size: 512
 Card Set container configuration: InlinePtr #cards 4 size 8 Array Of Cards #cards 32 size 80 Howl #buckets 8 coarsen threshold 7372 Howl Bitmap #cards 1024 size 144 coarsen threshold 921 Card regions per heap region 1 cards per card region 8192
 CPUs: 12 total, 12 available
 Memory: 32581M
 Large Page Support: Disabled
 NUMA Support: Disabled
 Compressed Oops: Enabled (Zero based)
 Heap Region Size: 4M
 Heap Min Capacity: 8M
 Heap Initial Capacity: 512M
 Heap Max Capacity: 8148M
 Pre-touch: Disabled
 Parallel Workers: 10
 Concurrent Workers: 3
 Concurrent Refinement Workers: 10
 Periodic GC: Disabled
Heap:
 garbage-first heap   total 208896K, used 132224K [0x0000000602c00000, 0x0000000800000000)
  region size 4096K, 22 young (90112K), 2 survivors (8192K)
 Metaspace       used 114130K, committed 115072K, reserved 1179648K
  class space    used 12901K, committed 13376K, reserved 1048576K
GC Heap History (20 events):
Event: 8973.434 GC heap after
{Heap after GC invocations=148 (full 16):
 garbage-first heap   total 139264K, used 44030K [0x0000000602c00000, 0x0000000800000000)
  region size 4096K, 1 young (4096K), 1 survivors (4096K)
 Metaspace       used 112453K, committed 113344K, reserved 1179648K
  class space    used 12753K, committed 13184K, reserved 1048576K
}
Event: 8973.954 GC heap before
{Heap before GC invocations=148 (full 16):
 garbage-first heap   total 139264K, used 105470K [0x0000000602c00000, 0x0000000800000000)
  region size 4096K, 16 young (65536K), 1 survivors (4096K)
 Metaspace       used 112879K, committed 113792K, reserved 1179648K
  class space    used 12788K, committed 13248K, reserved 1048576K
}
Event: 8973.956 GC heap after
{Heap after GC invocations=149 (full 16):
 garbage-first heap   total 139264K, used 47487K [0x0000000602c00000, 0x0000000800000000)
  region size 4096K, 2 young (8192K), 2 survivors (8192K)
 Metaspace       used 112879K, committed 113792K, reserved 1179648K
  class space    used 12788K, committed 13248K, reserved 1048576K
}
Event: 8974.092 GC heap before
{Heap before GC invocations=150 (full 16):
 garbage-first heap   total 139264K, used 104831K [0x0000000602c00000, 0x0000000800000000)
  region size 4096K, 16 young (65536K), 2 survivors (8192K)
 Metaspace       used 113164K, committed 114048K, reserved 1179648K
  class space    used 12807K, committed 13248K, reserved 1048576K
}
Event: 8974.094 GC heap after
{Heap after GC invocations=151 (full 16):
 garbage-first heap   total 139264K, used 49604K [0x0000000602c00000, 0x0000000800000000)
  region size 4096K, 2 young (8192K), 2 survivors (8192K)
 Metaspace       used 113164K, committed 114048K, reserved 1179648K
  class space    used 12807K, committed 13248K, reserved 1048576K
}
Event: 8974.106 GC heap before
{Heap before GC invocations=151 (full 16):
 garbage-first heap   total 139264K, used 53700K [0x0000000602c00000, 0x0000000800000000)
  region size 4096K, 3 young (12288K), 2 survivors (8192K)
 Metaspace       used 113164K, committed 114048K, reserved 1179648K
  class space    used 12807K, committed 13248K, reserved 1048576K
}
Event: 8974.109 GC heap after
{Heap after GC invocations=152 (full 16):
 garbage-first heap   total 139264K, used 50042K [0x0000000602c00000, 0x0000000800000000)
  region size 4096K, 1 young (4096K), 1 survivors (4096K)
 Metaspace       used 113164K, committed 114048K, reserved 1179648K
  class space    used 12807K, committed 13248K, reserved 1048576K
}
Event: 9070.861 GC heap before
{Heap before GC invocations=152 (full 16):
 garbage-first heap   total 139264K, used 91002K [0x0000000602c00000, 0x0000000800000000)
  region size 4096K, 12 young (49152K), 1 survivors (4096K)
 Metaspace       used 113171K, committed 114112K, reserved 1179648K
  class space    used 12807K, committed 13248K, reserved 1048576K
}
Event: 9070.923 GC heap after
{Heap after GC invocations=153 (full 17):
 garbage-first heap   total 139264K, used 38588K [0x0000000602c00000, 0x0000000800000000)
  region size 4096K, 0 young (0K), 0 survivors (0K)
 Metaspace       used 113162K, committed 114112K, reserved 1179648K
  class space    used 12806K, committed 13248K, reserved 1048576K
}
Event: 9071.336 GC heap before
{Heap before GC invocations=153 (full 17):
 garbage-first heap   total 139264K, used 108220K [0x0000000602c00000, 0x0000000800000000)
  region size 4096K, 17 young (69632K), 0 survivors (0K)
 Metaspace       used 113625K, committed 114560K, reserved 1179648K
  class space    used 12850K, committed 13312K, reserved 1048576K
}
Event: 9071.339 GC heap after
{Heap after GC invocations=154 (full 17):
 garbage-first heap   total 139264K, used 43626K [0x0000000602c00000, 0x0000000800000000)
  region size 4096K, 2 young (8192K), 2 survivors (8192K)
 Metaspace       used 113625K, committed 114560K, reserved 1179648K
  class space    used 12850K, committed 13312K, reserved 1048576K
}
Event: 9071.516 GC heap before
{Heap before GC invocations=155 (full 17):
 garbage-first heap   total 139264K, used 105066K [0x0000000602c00000, 0x0000000800000000)
  region size 4096K, 17 young (69632K), 2 survivors (8192K)
 Metaspace       used 114019K, committed 115008K, reserved 1179648K
  class space    used 12889K, committed 13376K, reserved 1048576K
}
Event: 9071.520 GC heap after
{Heap after GC invocations=156 (full 17):
 garbage-first heap   total 208896K, used 46162K [0x0000000602c00000, 0x0000000800000000)
  region size 4096K, 2 young (8192K), 2 survivors (8192K)
 Metaspace       used 114019K, committed 115008K, reserved 1179648K
  class space    used 12889K, committed 13376K, reserved 1048576K
}
Event: 9071.530 GC heap before
{Heap before GC invocations=156 (full 17):
 garbage-first heap   total 208896K, used 50258K [0x0000000602c00000, 0x0000000800000000)
  region size 4096K, 3 young (12288K), 2 survivors (8192K)
 Metaspace       used 114020K, committed 115008K, reserved 1179648K
  class space    used 12889K, committed 13376K, reserved 1048576K
}
Event: 9071.534 GC heap after
{Heap after GC invocations=157 (full 17):
 garbage-first heap   total 208896K, used 46897K [0x0000000602c00000, 0x0000000800000000)
  region size 4096K, 1 young (4096K), 1 survivors (4096K)
 Metaspace       used 114020K, committed 115008K, reserved 1179648K
  class space    used 12889K, committed 13376K, reserved 1048576K
}
Event: 9109.270 GC heap before
{Heap before GC invocations=157 (full 17):
 garbage-first heap   total 208896K, used 149297K [0x0000000602c00000, 0x0000000800000000)
  region size 4096K, 27 young (110592K), 1 survivors (4096K)
 Metaspace       used 114101K, committed 115008K, reserved 1179648K
  class space    used 12900K, committed 13376K, reserved 1048576K
}
Event: 9109.271 GC heap after
{Heap after GC invocations=158 (full 17):
 garbage-first heap   total 208896K, used 55110K [0x0000000602c00000, 0x0000000800000000)
  region size 4096K, 3 young (12288K), 3 survivors (12288K)
 Metaspace       used 114101K, committed 115008K, reserved 1179648K
  class space    used 12900K, committed 13376K, reserved 1048576K
}
Event: 9319.339 GC heap before
{Heap before GC invocations=158 (full 17):
 garbage-first heap   total 208896K, used 149318K [0x0000000602c00000, 0x0000000800000000)
  region size 4096K, 27 young (110592K), 3 survivors (12288K)
 Metaspace       used 114113K, committed 115072K, reserved 1179648K
  class space    used 12900K, committed 13376K, reserved 1048576K
}
Event: 9319.341 GC heap after
{Heap after GC invocations=159 (full 17):
 garbage-first heap   total 208896K, used 53452K [0x0000000602c00000, 0x0000000800000000)
  region size 4096K, 2 young (8192K), 2 survivors (8192K)
 Metaspace       used 114113K, committed 115072K, reserved 1179648K
  class space    used 12900K, committed 13376K, reserved 1048576K
}
Event: 9552.795 GC heap before
{Heap before GC invocations=159 (full 17):
 garbage-first heap   total 208896K, used 131276K [0x0000000602c00000, 0x0000000800000000)
  region size 4096K, 22 young (90112K), 2 survivors (8192K)
 Metaspace       used 114130K, committed 115072K, reserved 1179648K
  class space    used 12901K, committed 13376K, reserved 1048576K
}

